2019-04-17 17:28:05,064 - INFO - start program use 0:00:18.119582 seconds ...
2019-04-17 17:29:52,500 - INFO - start program use 0:00:14.495754 seconds ...
2019-04-17 17:42:19,801 - INFO - start program use 0:00:14.651546 seconds ...
2019-04-17 17:43:38,850 - INFO - start program use 0:00:15.041928 seconds ...
2019-04-17 17:46:34,168 - INFO - start program use 0:00:19.976652 seconds ...
2019-04-17 17:48:31,630 - INFO - start program use 0:00:19.015162 seconds ...
2019-04-17 17:50:47,404 - INFO - start program use 0:00:14.619971 seconds ...
2019-04-17 19:39:41,142 - INFO - start program use 0:00:10.749795 seconds ...
2019-04-17 19:40:30,272 - INFO - start program use 0:00:14.609822 seconds ...
2019-04-17 19:52:00,649 - INFO - start program use 0:00:15.286116 seconds ...
2019-04-17 20:15:32,293 - INFO - start program use 0:00:14.706470 seconds ...
2019-04-17 20:17:37,152 - INFO - start program use 0:00:07.184749 seconds ...
2019-04-17 20:20:36,742 - INFO - start program use 0:00:14.449924 seconds ...
2019-04-17 20:22:03,551 - INFO - start program use 0:00:14.716100 seconds ...
2019-04-17 20:23:09,435 - INFO - update init state of variables, pre_train: True, known_data: True
2019-04-17 20:23:27,359 - INFO - update init state of variables, pre_train: False, known_data: True
2019-04-17 20:24:32,775 - INFO - start program use 0:00:10.953949 seconds ...
2019-04-17 20:24:49,214 - INFO - update init state of variables, pre_train: False, known_data: False
2019-04-17 20:24:53,671 - INFO - update init state of variables, pre_train: False, known_data: False
2019-04-17 20:24:57,932 - INFO - update init state of variables, pre_train: False, known_data: True
2019-04-17 20:24:58,738 - INFO - update init state of variables, pre_train: True, known_data: True
2019-04-17 20:31:38,259 - INFO - start program use 0:00:07.189911 seconds ...
2019-04-18 10:50:03,589 - INFO - start program use 0:00:07.913625 seconds ...
2019-04-18 12:13:53,647 - INFO - start program use 0:00:09.325438 seconds ...
2019-04-18 12:18:22,219 - INFO - start program use 0:00:07.500359 seconds ...
2019-04-18 12:19:11,582 - INFO - start program use 0:00:07.405928 seconds ...
2019-04-18 12:19:20,982 - INFO - update init state of variables, pre_train: False, known_data: True
2019-04-18 12:19:23,354 - INFO - update init state of variables, pre_train: True, known_data: True
2019-04-18 12:19:43,010 - INFO - pre train for inception use 0:00:04.350507 seconds ..
2019-04-18 13:07:43,174 - INFO - pre train for inception use 0:00:03.582637 seconds ..
2019-04-18 13:07:43,324 - INFO - start program use 0:00:14.451961 seconds ...
2019-04-18 14:14:58,498 - INFO - pre train for inception use 0:00:03.661791 seconds ..
2019-04-18 14:14:58,657 - INFO - start program use 0:00:15.020191 seconds ...
2019-04-18 14:24:10,736 - INFO - pre train for inception use 0:00:03.734082 seconds ..
2019-04-18 14:24:10,898 - INFO - start program use 0:00:15.271922 seconds ...
2019-04-18 14:25:36,436 - INFO - pre train for inception use 0:00:03.764665 seconds ..
2019-04-18 14:25:36,596 - INFO - start program use 0:00:20.128412 seconds ...
2019-04-18 14:27:24,564 - INFO - start program use 0:00:07.267069 seconds ...
2019-04-18 14:28:43,798 - INFO - start program use 0:00:11.977079 seconds ...
2019-04-18 14:30:47,711 - INFO - start program use 0:00:11.977934 seconds ...
2019-04-18 14:58:54,489 - INFO - start program use 0:00:07.357151 seconds ...
2019-04-18 15:07:02,131 - INFO - start program use 0:00:07.601515 seconds ...
2019-04-18 15:18:13,131 - INFO - start program use 0:00:07.170725 seconds ...
2019-04-18 15:20:49,995 - INFO - start program use 0:00:07.439041 seconds ...
2019-04-18 15:20:56,987 - INFO - update init state of variables, pre_train: False, known_data: True
2019-04-18 15:21:01,246 - INFO - update init state of variables, pre_train: True, known_data: True
2019-04-18 15:21:32,390 - INFO - pre train for inception use 0:00:03.693090 seconds ..
2019-04-18 15:27:36,448 - INFO - pre train for inception use 0:00:03.775622 seconds ..
2019-04-18 15:27:36,618 - INFO - start program use 0:00:15.267213 seconds ...
2019-04-18 15:36:17,612 - INFO - pre train for inception use 0:00:03.645962 seconds ..
2019-04-18 15:36:17,772 - INFO - start program use 0:00:14.718996 seconds ...
